WHYLIB is not set, using /home/vladimir/.opam/4.10.0/lib/astraver as default
Parsing
Normalization
Typing logic labels
Typing code
Typing axiomatic Padding
Typing logic type declaration padding
Typing axiomatic ItemsCount
Typing axiomatic Padding
Typing tag voidP
Typing tag charP
Typing tag __anonstruct_Key_5
Typing tag __anonstruct_Value_6
Typing tag __anonstruct_Item_7
Typing tag __anonstruct_Map_8
Typing axiomatic ItemsCount
Typing lemma/axiom count_zero
Typing lemma/axiom count_one
Typing lemma/axiom count_split
Typing lemma/axiom count_saved
Typing lemma/axiom count_existent
occurrences table for axiom count_existent in axiomatic ItemsCount:
  152: 
  151: 
  150: L ;
  
occurrences table for axiom count_saved in axiomatic ItemsCount:
  152: 
  151: L1, L2 ;
  150: 
  
occurrences table for axiom count_split in axiomatic ItemsCount:
  152: 
  151: 
  150: L ;L ;L ;
  
occurrences table for axiom count_one in axiomatic ItemsCount:
  152: 
  151: 
  150: L ;
  
occurrences table for axiom count_zero in axiomatic ItemsCount:
  152: 
  151: 
  150: L ;
  
Computation of call graph
***********************************
Logic call graph: has 11 components
***********************************
Component 0:
 key_valid calls: 

Component 1:
 value_valid calls: 

Component 2:
 item_valid calls: value_valid,
key_valid

Component 3:
 items_valid calls: item_valid

Component 4:
 map_valid calls: items_valid

Component 5:
 range_existent calls: 

Component 6:
 full calls: range_existent

Component 7:
 item_saved calls: 

Component 8:
 items_saved calls: item_saved

Component 9:
 count_saved_p calls: count, count

 count calls: count, count, count, count, count, count_saved_p, items_saved,
count

Component 10:
 all_count calls: count

******************************
Call graph: has 5 components
******************************
Component 0:
 initializeMap calls: 

Component 1:
 hash calls: 

Component 2:
 getCalculatedIndex calls: 

Component 3:
 removeElement calls: getCalculatedIndex,
hash

Component 4:
 getElement calls: getCalculatedIndex,
hash

Adding invariants
Computation of regions
Separation: treating function initializeMap
Separation: treating function initializeMap
Separation: treating function hash
Separation: treating function hash
Separation: treating function getCalculatedIndex
Separation: treating function getCalculatedIndex
Separation: treating function removeElement
Separation: treating function removeElement
Separation: treating function getElement
Separation: treating function getElement
Computation of effects
Effects: doing one iteration
Effects: doing one iteration
Effects: fixpoint reached
Effects for logic function key_valid:
 alloc_table: 
 tag_table: 
 memories: (map_2 : mem-field "items") at (L),
           (items_23 : mem-field "__anonstruct_Key_5_b") at (L),
           (items_23 : mem-field "__anonstruct_Key_5_a") at (L)
 raw memories: 
 precise memories: 
 globals: 
 locals: index at (Here), map at (Here)

Effects: doing one iteration
Effects: doing one iteration
Effects: fixpoint reached
Effects for logic function value_valid:
 alloc_table: 
 tag_table: 
 memories: (map_0_3 : mem-field "items") at (L),
           (items_24 : mem-field "value_2") at (L),
           (items_24 : mem-field "d") at (L),
           (items_24 : mem-field "c") at (L)
 raw memories: 
 precise memories: 
 globals: 
 locals: index_0 at (Here), map_0 at (Here)

Effects: doing one iteration
Effects: doing one iteration
Effects: fixpoint reached
Effects for logic function item_valid:
 alloc_table: 
 tag_table: 
 memories: (map_1_4 : mem-field "items") at (L),
           (items_25 : mem-field "existent") at (L),
           (items_25 : mem-field "value_2") at (L),
           (items_25 : mem-field "__anonstruct_Key_5_b") at (L),
           (items_25 : mem-field "__anonstruct_Key_5_a") at (L),
           (items_25 : mem-field "d") at (L),
           (items_25 : mem-field "c") at (L)
 raw memories: 
 precise memories: 
 globals: 
 locals: index_1 at (Here), map_1 at (Here)

Effects: doing one iteration
Effects: doing one iteration
Effects: fixpoint reached
Effects for logic function items_valid:
 alloc_table: 
 tag_table: 
 memories: (map_2_5 : mem-field "count") at (L),
           (map_2_5 : mem-field "items") at (L),
           (items_50 : mem-field "existent") at (L),
           (items_50 : mem-field "value_2") at (L),
           (items_50 : mem-field "__anonstruct_Key_5_b") at (L),
           (items_50 : mem-field "__anonstruct_Key_5_a") at (L),
           (items_50 : mem-field "d") at (L),
           (items_50 : mem-field "c") at (L)
 raw memories: 
 precise memories: 
 globals: 
 locals: map_2 at (Here)

Effects: doing one iteration
Effects: doing one iteration
Effects: fixpoint reached
Effects for logic function map_valid:
 alloc_table: (items_26 : alloc-root "voidP") at (L),
              (items_26 : alloc-root "__anonstruct_Value_6") at (L)
 tag_table: 
 memories: (map_3_6 : mem-field "count") at (L),
           (map_3_6 : mem-field "capacity") at (L),
           (map_3_6 : mem-field "items") at (L),
           (items_26 : mem-field "existent") at (L),
           (items_26 : mem-field "value_2") at (L),
           (items_26 : mem-field "__anonstruct_Key_5_b") at (L),
           (items_26 : mem-field "__anonstruct_Key_5_a") at (L),
           (items_26 : mem-field "d") at (L),
           (items_26 : mem-field "c") at (L)
 raw memories: 
 precise memories: 
 globals: 
 locals: map_3 at (Here)

Effects: doing one iteration
Effects: doing one iteration
Effects: fixpoint reached
Effects for logic function range_existent:
 alloc_table: 
 tag_table: 
 memories: (map_5_8 : mem-field "items") at (L),
           (items_27 : mem-field "existent") at (L)
 raw memories: 
 precise memories: 
 globals: 
 locals: n_1 at (Here), m at (Here), map_5 at (Here)

Effects: doing one iteration
Effects: doing one iteration
Effects: fixpoint reached
Effects for logic function full:
 alloc_table: 
 tag_table: 
 memories: (map_4_7 : mem-field "count") at (L),
           (map_4_7 : mem-field "items") at (L),
           (items_58 : mem-field "existent") at (L)
 raw memories: 
 precise memories: 
 globals: 
 locals: map_4 at (Here)

Effects: doing one iteration
Effects: doing one iteration
Effects: fixpoint reached
Effects for logic function item_saved:
 alloc_table: 
 tag_table: 
 memories: (map_6_9 : mem-field "items") at (L1, L2),
           (items_28 : mem-field "existent") at (L1, L2),
           (items_28 : mem-field "value_2") at (L1, L2),
           (items_28 : mem-field "__anonstruct_Key_5_b") at (L1, L2),
           (items_28 : mem-field "__anonstruct_Key_5_a") at (L1, L2),
           (items_28 : mem-field "d") at (L1, L2),
           (items_28 : mem-field "c") at (L1, L2)
 raw memories: 
 precise memories: 
 globals: 
 locals: k_2 at (Here), map_6 at (Here)

Effects: doing one iteration
Effects: doing one iteration
Effects: fixpoint reached
Effects for logic function items_saved:
 alloc_table: 
 tag_table: 
 memories: (map_7_10 : mem-field "items") at (L1, L2),
           (items_62 : mem-field "existent") at (L1, L2),
           (items_62 : mem-field "value_2") at (L1, L2),
           (items_62 : mem-field "__anonstruct_Key_5_b") at (L1, L2),
           (items_62 : mem-field "__anonstruct_Key_5_a") at (L1, L2),
           (items_62 : mem-field "d") at (L1, L2),
           (items_62 : mem-field "c") at (L1, L2)
 raw memories: 
 precise memories: 
 globals: 
 locals: n_2 at (Here), m_0 at (Here), map_7 at (Here)

Effects: doing one iteration
Effects: doing one iteration
Effects: doing one iteration
Effects: doing one iteration
Effects: fixpoint reached
Effects for logic function count_saved_p:
 alloc_table: 
 tag_table: 
 memories: (map_8_11 : mem-field "items") at (L1, L2),
           (items_31 : mem-field "existent") at (L1, L2),
           (items_31 : mem-field "value_2") at (),
           (items_31 : mem-field "__anonstruct_Key_5_b") at (),
           (items_31 : mem-field "__anonstruct_Key_5_a") at (),
           (items_31 : mem-field "d") at (), (items_31 : mem-field "c") at ()
 raw memories: 
 precise memories: 
 globals: 
 locals: end_3 at (Here), begin_2 at (Here), map_12 at (Here)

Effects for logic function count:
 alloc_table: 
 tag_table: 
 memories: (map_8_11 : mem-field "items") at (L),
           (items_31 : mem-field "existent") at (L),
           (items_31 : mem-field "value_2") at (),
           (items_31 : mem-field "__anonstruct_Key_5_b") at (),
           (items_31 : mem-field "__anonstruct_Key_5_a") at (),
           (items_31 : mem-field "d") at (), (items_31 : mem-field "c") at ()
 raw memories: 
 precise memories: 
 globals: 
 locals: 

Effects: doing one iteration
Effects: doing one iteration
Effects: fixpoint reached
Effects for logic function all_count:
 alloc_table: 
 tag_table: 
 memories: (map_15_13 : mem-field "capacity") at (L),
           (map_15_13 : mem-field "items") at (L),
           (items_88 : mem-field "existent") at (L),
           (items_88 : mem-field "value_2") at (),
           (items_88 : mem-field "__anonstruct_Key_5_b") at (),
           (items_88 : mem-field "__anonstruct_Key_5_a") at (),
           (items_88 : mem-field "d") at (), (items_88 : mem-field "c") at ()
 raw memories: 
 precise memories: 
 globals: 
 locals: map_15 at (Here)

Effects: doing one iteration...
all_memories(tag __anonstruct_Item_7):
  Found 1 memories.
all_allocs(tag __anonstruct_Item_7):
  Found 2 allocs.
all_tags(tag __anonstruct_Item_7):
  Found 2 tags.
Effects: doing one iteration...
all_memories(tag __anonstruct_Item_7):
  Found 1 memories.
all_allocs(tag __anonstruct_Item_7):
  Found 2 allocs.
all_tags(tag __anonstruct_Item_7):
  Found 2 tags.
Effects: doing one iteration...
all_memories(tag __anonstruct_Item_7):
  Found 1 memories.
all_allocs(tag __anonstruct_Item_7):
  Found 2 allocs.
all_tags(tag __anonstruct_Item_7):
  Found 2 tags.
Effects: doing one iteration...
all_memories(tag __anonstruct_Item_7):
  Found 1 memories.
all_allocs(tag __anonstruct_Item_7):
  Found 2 allocs.
all_tags(tag __anonstruct_Item_7):
  Found 2 tags.
Effects: fixpoint reached
Effects for function initializeMap:
 reads:  alloc_table: (items_36 : alloc-root "voidP") at (Here),
                      (items_36 : alloc-root "__anonstruct_Value_6") at (Here),
                      (map_3_14 : alloc-root "__anonstruct_Map_8") at (Here)
         tag_table: (items_36 : voidP) at (Here)
         memories: (map_3_14 : mem-field "count") at (Here),
                   (map_3_14 : mem-field "capacity") at (Here),
                   (map_3_14 : mem-field "items") at (Here),
                   (items_36 : mem-field "existent") at (Here),
                   (items_36 : mem-field "value_2") at (Here),
                   (items_36 : mem-field "__anonstruct_Key_5_b") at (Here),
                   (items_36 : mem-field "__anonstruct_Key_5_a") at (Here),
                   (items_36 : mem-field "d") at (Here),
                   (items_36 : mem-field "c") at (Here)
         raw memories: (map_3_14 : mem-field "count") at (Here),
                       (map_3_14 : mem-field "capacity") at (Here),
                       (map_3_14 : mem-field "items") at (Here),
                       (items_36 : mem-field "existent") at (Here),
                       (items_36 : mem-field "value_2") at (Here)
         precise memories: 
         globals: 
         locals: __retres at (Here), i at (Here), \result at (Here),
                 size at (Here), map_3 at (Here)

 writes:  alloc_table: (items_36 : alloc-root "voidP") at (Here),
                       (items_36 : alloc-root "__anonstruct_Value_6") at (Here)
          tag_table: (items_36 : voidP) at (Here),
                     (items_36 : __anonstruct_Value_6) at (Here)
          memories: (map_3_14 : mem-field "count") at (Here),
                    (map_3_14 : mem-field "capacity") at (Here),
                    (map_3_14 : mem-field "items") at (Here),
                    (items_36 : mem-field "existent") at (Here)
          raw memories: (map_3_14 : mem-field "count") at (Here),
                        (map_3_14 : mem-field "capacity") at (Here),
                        (map_3_14 : mem-field "items") at (Here),
                        (items_36 : mem-field "existent") at (Here)
          precise memories: 
          globals: 
          locals: __retres at (Here), i at (Here)

 raises: 
Effects: doing one iteration...
Effects: doing one iteration...
Effects: doing one iteration...
Effects: doing one iteration...
Effects: fixpoint reached
Effects for function hash:
 reads:  alloc_table: (key_1_15 : alloc-root "__anonstruct_Key_5") at (Here)
         tag_table: 
         memories: (key_1_15 : mem-field "b") at (Here),
                   (key_1_15 : mem-field "a") at (Here)
         raw memories: (key_1_15 : mem-field "b") at (Here),
                       (key_1_15 : mem-field "a") at (Here)
         precise memories: 
         globals: 
         locals: tmp at (Here), result at (Here), key_1 at (Here)

 writes:  alloc_table: 
          tag_table: 
          memories: 
          raw memories: 
          precise memories: 
          globals: 
          locals: tmp at (Here), result at (Here)

 raises: 
Effects: doing one iteration...
Effects: doing one iteration...
Effects: doing one iteration...
Effects: doing one iteration...
Effects: fixpoint reached
Effects for function getCalculatedIndex:
 reads:  alloc_table: (items_112 : alloc-root "voidP") at (Here),
                      (items_112 : alloc-root "__anonstruct_Value_6") at (Here),
                      (map_1_16 : alloc-root "__anonstruct_Map_8") at (Here)
         tag_table: 
         memories: (map_1_16 : mem-field "count") at (Here),
                   (map_1_16 : mem-field "capacity") at (Here),
                   (map_1_16 : mem-field "items") at (Here),
                   (items_112 : mem-field "existent") at (Here),
                   (items_112 : mem-field "value_2") at (Here),
                   (items_112 : mem-field "__anonstruct_Key_5_b") at (Here),
                   (items_112 : mem-field "__anonstruct_Key_5_a") at (Here),
                   (items_112 : mem-field "d") at (Here),
                   (items_112 : mem-field "c") at (Here)
         raw memories: (map_1_16 : mem-field "capacity") at (Here)
         precise memories: 
         globals: 
         locals: __retres_0 at (Here), index at (Here), hashValue at (Here),
                 map_1 at (Here)

 writes:  alloc_table: 
          tag_table: 
          memories: 
          raw memories: 
          precise memories: 
          globals: 
          locals: __retres_0 at (Here)

 raises: 
Effects: doing one iteration...
Effects: doing one iteration...
Effects: doing one iteration...
Effects: doing one iteration...
Effects: fixpoint reached
Effects for function removeElement:
 reads:  alloc_table: (items_39 : alloc-root "voidP") at (Here),
                      (items_39 : alloc-root "__anonstruct_Value_6") at (Here),
                      (value_1_19 : alloc-root "__anonstruct_Value_6") at (Here),
                      (map_4_17 : alloc-root "__anonstruct_Map_8") at (Here),
                      (key_2_18 : alloc-root "__anonstruct_Key_5") at (Here)
         tag_table: (items_39 : voidP) at (Here)
         memories: (map_4_17 : mem-field "count") at (Here, Old),
                   (map_4_17 : mem-field "capacity") at (Here, Old),
                   (map_4_17 : mem-field "items") at (Here, Old),
                   (items_39 : mem-field "existent") at (Here, Old),
                   (items_39 : mem-field "value_2") at (Here, Old),
                   (items_39 : mem-field "__anonstruct_Key_5_b") at (Here),
                   (items_39 : mem-field "__anonstruct_Key_5_a") at (Here),
                   (items_39 : mem-field "d") at (Here, Old),
                   (value_1_19 : mem-field "d") at (Here),
                   (items_39 : mem-field "c") at (Here, Old),
                   (value_1_19 : mem-field "c") at (Here),
                   (key_2_18 : mem-field "b") at (Here),
                   (key_2_18 : mem-field "a") at (Here)
         raw memories: (map_4_17 : mem-field "count") at (Here, Old),
                       (map_4_17 : mem-field "capacity") at (Here, Old),
                       (map_4_17 : mem-field "items") at (Here, Old),
                       (items_39 : mem-field "existent") at (Here, Old),
                       (items_39 : mem-field "value_2") at (Here, Old),
                       (items_39 : mem-field "__anonstruct_Key_5_b") at (Here),
                       (items_39 : mem-field "__anonstruct_Key_5_a") at (Here),
                       (items_39 : mem-field "d") at (Here, Old),
                       (value_1_19 : mem-field "d") at (Here),
                       (items_39 : mem-field "c") at (Here, Old),
                       (value_1_19 : mem-field "c") at (Here),
                       (key_2_18 : mem-field "b") at (Here),
                       (key_2_18 : mem-field "a") at (Here)
         precise memories: 
         globals: 
         locals: __retres_1 at (Here), calcIndex at (Here),
                 index_0 at (Here), hashValue_0 at (Here), \result at (Here),
                 value_1 at (Here), key_2 at (Here), map_4 at (Here)

 writes:  alloc_table: 
          tag_table: 
          memories: (map_4_17 : mem-field "count") at (Here),
                    (items_39 : mem-field "existent") at (Here),
                    (value_1_19 : mem-field "d") at (Here),
                    (value_1_19 : mem-field "c") at (Here)
          raw memories: (map_4_17 : mem-field "count") at (Here),
                        (items_39 : mem-field "existent") at (Here),
                        (value_1_19 : mem-field "d") at (Here),
                        (value_1_19 : mem-field "c") at (Here)
          precise memories: 
          globals: 
          locals: __retres_1 at (Here), calcIndex at (Here),
                  index_0 at (Here), hashValue_0 at (Here)

 raises: 
Effects: doing one iteration...
Effects: doing one iteration...
Effects: doing one iteration...
Effects: doing one iteration...
Effects: fixpoint reached
Effects for function getElement:
 reads:  alloc_table: (items_41 : alloc-root "voidP") at (Here),
                      (items_41 : alloc-root "__anonstruct_Value_6") at (Here),
                      (value_0_22 : alloc-root "__anonstruct_Value_6") at (Here),
                      (map_2_20 : alloc-root "__anonstruct_Map_8") at (Here),
                      (key_0_21 : alloc-root "__anonstruct_Key_5") at (Here)
         tag_table: (items_41 : voidP) at (Here)
         memories: (map_2_20 : mem-field "count") at (Here, Old),
                   (map_2_20 : mem-field "capacity") at (Here, Old),
                   (map_2_20 : mem-field "items") at (Here, Old),
                   (items_41 : mem-field "existent") at (Here, Old),
                   (items_41 : mem-field "value_2") at (Here, Old),
                   (items_41 : mem-field "__anonstruct_Key_5_b") at (Here,
                   Old),
                   (items_41 : mem-field "__anonstruct_Key_5_a") at (Here,
                   Old), (items_41 : mem-field "d") at (Here, Old),
                   (value_0_22 : mem-field "d") at (Here),
                   (items_41 : mem-field "c") at (Here, Old),
                   (value_0_22 : mem-field "c") at (Here),
                   (key_0_21 : mem-field "b") at (Here),
                   (key_0_21 : mem-field "a") at (Here)
         raw memories: (map_2_20 : mem-field "count") at (Here, Old),
                       (map_2_20 : mem-field "capacity") at (Here, Old),
                       (map_2_20 : mem-field "items") at (Here, Old),
                       (items_41 : mem-field "existent") at (Here, Old),
                       (items_41 : mem-field "value_2") at (Here, Old),
                       (items_41 : mem-field "__anonstruct_Key_5_b") at (Here,
                       Old),
                       (items_41 : mem-field "__anonstruct_Key_5_a") at (Here,
                       Old), (items_41 : mem-field "d") at (Here, Old),
                       (value_0_22 : mem-field "d") at (Here),
                       (items_41 : mem-field "c") at (Here, Old),
                       (value_0_22 : mem-field "c") at (Here),
                       (key_0_21 : mem-field "b") at (Here),
                       (key_0_21 : mem-field "a") at (Here)
         precise memories: 
         globals: 
         locals: __retres_2 at (Here), calcIndex_0 at (Here),
                 index_1 at (Here), hashValue_1 at (Here), \result at (Here),
                 value_0 at (Here), key_0 at (Here), map_2 at (Here)

 writes:  alloc_table: 
          tag_table: 
          memories: (value_0_22 : mem-field "d") at (Here),
                    (value_0_22 : mem-field "c") at (Here)
          raw memories: (value_0_22 : mem-field "d") at (Here),
                        (value_0_22 : mem-field "c") at (Here)
          precise memories: 
          globals: 
          locals: __retres_2 at (Here), calcIndex_0 at (Here),
                  index_1 at (Here), hashValue_1 at (Here)

 raises: 
Translate logic types
Translate structures
all_allocs(tag __anonstruct_Item_7):
  Found 2 allocs.
all_memories(tag __anonstruct_Item_7):
  Found 1 memories.
all_memories(tag __anonstruct_Item_7):
  Found 1 memories.
all_allocs(tag __anonstruct_Item_7):
  Found 2 allocs.
all_allocs(tag __anonstruct_Item_7):
  Found 2 allocs.
all_memories(tag __anonstruct_Item_7):
  Found 1 memories.
all_allocs(tag __anonstruct_Item_7):
  Found 2 allocs.
all_tags(tag __anonstruct_Item_7):
  Found 2 tags.
all_memories(tag __anonstruct_Item_7):
  Found 1 memories.
all_memories(tag __anonstruct_Item_7):
  Found 1 memories.
all_tags(tag __anonstruct_Item_7):
  Found 2 tags.
all_memories(tag __anonstruct_Item_7):
  Found 1 memories.
all_tags(tag __anonstruct_Item_7):
  Found 2 tags.
all_memories(tag __anonstruct_Item_7):
  Found 1 memories.
all_tags(tag __anonstruct_Item_7):
  Found 2 tags.
all_memories(tag __anonstruct_Item_7):
  Found 1 memories.
all_allocs(tag __anonstruct_Item_7):
  Found 2 allocs.
all_tags(tag __anonstruct_Item_7):
  Found 2 tags.
all_memories(tag __anonstruct_Item_7):
  Found 1 memories.
all_allocs(tag __anonstruct_Item_7):
  Found 2 allocs.
all_memories(tag __anonstruct_Item_7):
  Found 1 memories.
all_memories(tag __anonstruct_Item_7):
  Found 1 memories.
all_allocs(tag __anonstruct_Item_7):
  Found 2 allocs.
all_allocs(tag __anonstruct_Item_7):
  Found 2 allocs.
all_memories(tag __anonstruct_Item_7):
  Found 1 memories.
all_memories(tag __anonstruct_Item_7):
  Found 1 memories.
all_allocs(tag __anonstruct_Item_7):
  Found 2 allocs.
all_allocs(tag __anonstruct_Item_7):
  Found 2 allocs.
all_memories(tag __anonstruct_Item_7):
  Found 1 memories.
all_allocs(tag __anonstruct_Item_7):
  Found 2 allocs.
all_tags(tag __anonstruct_Item_7):
  Found 2 tags.
all_memories(tag __anonstruct_Item_7):
  Found 1 memories.
all_memories(tag __anonstruct_Item_7):
  Found 1 memories.
all_tags(tag __anonstruct_Item_7):
  Found 2 tags.
all_memories(tag __anonstruct_Item_7):
  Found 1 memories.
all_tags(tag __anonstruct_Item_7):
  Found 2 tags.
all_memories(tag __anonstruct_Item_7):
  Found 1 memories.
all_tags(tag __anonstruct_Item_7):
  Found 2 tags.
all_memories(tag __anonstruct_Item_7):
  Found 1 memories.
all_allocs(tag __anonstruct_Item_7):
  Found 2 allocs.
all_tags(tag __anonstruct_Item_7):
  Found 2 tags.
all_memories(tag __anonstruct_Item_7):
  Found 1 memories.
all_allocs(tag __anonstruct_Item_7):
  Found 2 allocs.
all_memories(tag __anonstruct_Item_7):
  Found 1 memories.
all_memories(tag __anonstruct_Item_7):
  Found 1 memories.
all_allocs(tag __anonstruct_Item_7):
  Found 2 allocs.
all_allocs(tag __anonstruct_Item_7):
  Found 2 allocs.
all_tags(tag __anonstruct_Item_7):
  Found 2 tags.
all_memories(tag __anonstruct_Item_7):
  Found 1 memories.
all_memories(tag __anonstruct_Item_7):
  Found 1 memories.
all_tags(tag __anonstruct_Item_7):
  Found 2 tags.
all_memories(tag __anonstruct_Item_7):
  Found 1 memories.
all_tags(tag __anonstruct_Item_7):
  Found 2 tags.
all_memories(tag __anonstruct_Item_7):
  Found 1 memories.
all_tags(tag __anonstruct_Item_7):
  Found 2 tags.
all_memories(tag __anonstruct_Item_7):
  Found 1 memories.
all_allocs(tag __anonstruct_Item_7):
  Found 2 allocs.
all_tags(tag __anonstruct_Item_7):
  Found 2 tags.
all_memories(tag __anonstruct_Item_7):
  Found 1 memories.
all_allocs(tag __anonstruct_Item_7):
  Found 2 allocs.
all_memories(tag __anonstruct_Item_7):
  Found 1 memories.
all_memories(tag __anonstruct_Item_7):
  Found 1 memories.
all_allocs(tag __anonstruct_Item_7):
  Found 2 allocs.
all_tags(tag __anonstruct_Item_7):
  Found 2 tags.
all_memories(tag __anonstruct_Item_7):
  Found 1 memories.
all_allocs(tag __anonstruct_Item_7):
  Found 2 allocs.
all_memories(tag __anonstruct_Item_7):
  Found 1 memories.
all_allocs(tag __anonstruct_Item_7):
  Found 2 allocs.
all_memories(tag __anonstruct_Item_7):
  Found 1 memories.
all_memories(tag __anonstruct_Item_7):
  Found 1 memories.
all_tags(tag __anonstruct_Item_7):
  Found 2 tags.
all_memories(tag voidP):
  Found 0 memories.
all_tags(tag voidP):
  Found 1 tags.
all_memories(tag __anonstruct_Value_6):
  Found 0 memories.
all_tags(tag __anonstruct_Value_6):
  Found 1 tags.
all_memories(tag __anonstruct_Value_6):
  Found 0 memories.
all_tags(tag __anonstruct_Value_6):
  Found 1 tags.
all_memories(tag __anonstruct_Item_7):
  Found 1 memories.
all_allocs(tag __anonstruct_Item_7):
  Found 2 allocs.
all_memories(tag voidP):
  Found 0 memories.
all_allocs(tag voidP):
  Found 1 allocs.
all_memories(tag __anonstruct_Value_6):
  Found 0 memories.
all_allocs(tag __anonstruct_Value_6):
  Found 1 allocs.
all_memories(tag __anonstruct_Value_6):
  Found 0 memories.
all_allocs(tag __anonstruct_Value_6):
  Found 1 allocs.
all_memories(tag __anonstruct_Item_7):
  Found 1 memories.
all_tags(tag __anonstruct_Item_7):
  Found 2 tags.
all_memories(tag __anonstruct_Value_6):
  Found 0 memories.
all_tags(tag __anonstruct_Value_6):
  Found 1 tags.
all_memories(tag __anonstruct_Item_7):
  Found 1 memories.
all_tags(tag __anonstruct_Item_7):
  Found 2 tags.
all_memories(tag __anonstruct_Value_6):
  Found 0 memories.
all_tags(tag __anonstruct_Value_6):
  Found 1 tags.
all_memories(tag __anonstruct_Value_6):
  Found 0 memories.
all_tags(tag __anonstruct_Value_6):
  Found 1 tags.
all_memories(tag __anonstruct_Value_6):
  Found 0 memories.
all_tags(tag __anonstruct_Value_6):
  Found 1 tags.
all_memories(tag __anonstruct_Item_7):
  Found 1 memories.
all_tags(tag __anonstruct_Item_7):
  Found 2 tags.
all_memories(tag __anonstruct_Value_6):
  Found 0 memories.
all_tags(tag __anonstruct_Value_6):
  Found 1 tags.
all_memories(tag __anonstruct_Item_7):
  Found 1 memories.
all_tags(tag __anonstruct_Item_7):
  Found 2 tags.
all_memories(tag __anonstruct_Value_6):
  Found 0 memories.
all_tags(tag __anonstruct_Value_6):
  Found 1 tags.
all_memories(tag __anonstruct_Value_6):
  Found 0 memories.
all_tags(tag __anonstruct_Value_6):
  Found 1 tags.
all_memories(tag __anonstruct_Value_6):
  Found 0 memories.
all_tags(tag __anonstruct_Value_6):
  Found 1 tags.
all_memories(tag __anonstruct_Item_7):
  Found 1 memories.
all_tags(tag __anonstruct_Item_7):
  Found 2 tags.
all_memories(tag __anonstruct_Value_6):
  Found 0 memories.
all_tags(tag __anonstruct_Value_6):
  Found 1 tags.
all_memories(tag __anonstruct_Item_7):
  Found 1 memories.
all_tags(tag __anonstruct_Item_7):
  Found 2 tags.
all_memories(tag __anonstruct_Value_6):
  Found 0 memories.
all_tags(tag __anonstruct_Value_6):
  Found 1 tags.
all_memories(tag __anonstruct_Value_6):
  Found 0 memories.
all_tags(tag __anonstruct_Value_6):
  Found 1 tags.
all_memories(tag __anonstruct_Value_6):
  Found 0 memories.
all_tags(tag __anonstruct_Value_6):
  Found 1 tags.
all_memories(tag __anonstruct_Item_7):
  Found 1 memories.
all_allocs(tag __anonstruct_Item_7):
  Found 2 allocs.
all_memories(tag voidP):
  Found 0 memories.
all_allocs(tag voidP):
  Found 1 allocs.
all_memories(tag __anonstruct_Value_6):
  Found 0 memories.
all_allocs(tag __anonstruct_Value_6):
  Found 1 allocs.
all_memories(tag __anonstruct_Item_7):
  Found 1 memories.
all_allocs(tag __anonstruct_Item_7):
  Found 2 allocs.
all_memories(tag voidP):
  Found 0 memories.
all_allocs(tag voidP):
  Found 1 allocs.
all_memories(tag __anonstruct_Value_6):
  Found 0 memories.
all_allocs(tag __anonstruct_Value_6):
  Found 1 allocs.
all_memories(tag __anonstruct_Item_7):
  Found 1 memories.
all_allocs(tag __anonstruct_Item_7):
  Found 2 allocs.
all_memories(tag voidP):
  Found 0 memories.
all_allocs(tag voidP):
  Found 1 allocs.
all_memories(tag __anonstruct_Value_6):
  Found 0 memories.
all_allocs(tag __anonstruct_Value_6):
  Found 1 allocs.
all_memories(tag __anonstruct_Item_7):
  Found 1 memories.
all_allocs(tag __anonstruct_Item_7):
  Found 2 allocs.
all_memories(tag voidP):
  Found 0 memories.
all_allocs(tag voidP):
  Found 1 allocs.
all_memories(tag __anonstruct_Value_6):
  Found 0 memories.
all_allocs(tag __anonstruct_Value_6):
  Found 1 allocs.
all_memories(tag __anonstruct_Value_6):
  Found 0 memories.
all_allocs(tag __anonstruct_Value_6):
  Found 1 allocs.
all_memories(tag __anonstruct_Value_6):
  Found 0 memories.
all_allocs(tag __anonstruct_Value_6):
  Found 1 allocs.
all_memories(tag __anonstruct_Item_7):
  Found 1 memories.
all_allocs(tag __anonstruct_Item_7):
  Found 2 allocs.
all_memories(tag voidP):
  Found 0 memories.
all_allocs(tag voidP):
  Found 1 allocs.
all_memories(tag __anonstruct_Value_6):
  Found 0 memories.
all_allocs(tag __anonstruct_Value_6):
  Found 1 allocs.
all_memories(tag __anonstruct_Value_6):
  Found 0 memories.
all_allocs(tag __anonstruct_Value_6):
  Found 1 allocs.
all_memories(tag __anonstruct_Value_6):
  Found 0 memories.
all_allocs(tag __anonstruct_Value_6):
  Found 1 allocs.
all_allocs(tag __anonstruct_Key_5):
  Found 1 allocs.
all_memories(tag __anonstruct_Key_5):
  Found 0 memories.
all_memories(tag __anonstruct_Key_5):
  Found 0 memories.
all_allocs(tag __anonstruct_Key_5):
  Found 1 allocs.
all_allocs(tag __anonstruct_Key_5):
  Found 1 allocs.
all_memories(tag __anonstruct_Key_5):
  Found 0 memories.
all_allocs(tag __anonstruct_Key_5):
  Found 1 allocs.
all_tags(tag __anonstruct_Key_5):
  Found 1 tags.
all_memories(tag __anonstruct_Key_5):
  Found 0 memories.
all_memories(tag __anonstruct_Key_5):
  Found 0 memories.
all_tags(tag __anonstruct_Key_5):
  Found 1 tags.
all_memories(tag __anonstruct_Key_5):
  Found 0 memories.
all_tags(tag __anonstruct_Key_5):
  Found 1 tags.
all_memories(tag __anonstruct_Key_5):
  Found 0 memories.
all_tags(tag __anonstruct_Key_5):
  Found 1 tags.
all_memories(tag __anonstruct_Key_5):
  Found 0 memories.
all_allocs(tag __anonstruct_Key_5):
  Found 1 allocs.
all_tags(tag __anonstruct_Key_5):
  Found 1 tags.
all_memories(tag __anonstruct_Key_5):
  Found 0 memories.
all_allocs(tag __anonstruct_Key_5):
  Found 1 allocs.
all_memories(tag __anonstruct_Key_5):
  Found 0 memories.
all_memories(tag __anonstruct_Key_5):
  Found 0 memories.
all_allocs(tag __anonstruct_Key_5):
  Found 1 allocs.
all_allocs(tag __anonstruct_Key_5):
  Found 1 allocs.
all_memories(tag __anonstruct_Key_5):
  Found 0 memories.
all_memories(tag __anonstruct_Key_5):
  Found 0 memories.
all_allocs(tag __anonstruct_Key_5):
  Found 1 allocs.
all_allocs(tag __anonstruct_Key_5):
  Found 1 allocs.
all_memories(tag __anonstruct_Key_5):
  Found 0 memories.
all_allocs(tag __anonstruct_Key_5):
  Found 1 allocs.
all_tags(tag __anonstruct_Key_5):
  Found 1 tags.
all_memories(tag __anonstruct_Key_5):
  Found 0 memories.
all_memories(tag __anonstruct_Key_5):
  Found 0 memories.
all_tags(tag __anonstruct_Key_5):
  Found 1 tags.
all_memories(tag __anonstruct_Key_5):
  Found 0 memories.
all_tags(tag __anonstruct_Key_5):
  Found 1 tags.
all_memories(tag __anonstruct_Key_5):
  Found 0 memories.
all_tags(tag __anonstruct_Key_5):
  Found 1 tags.
all_memories(tag __anonstruct_Key_5):
  Found 0 memories.
all_allocs(tag __anonstruct_Key_5):
  Found 1 allocs.
all_tags(tag __anonstruct_Key_5):
  Found 1 tags.
all_memories(tag __anonstruct_Key_5):
  Found 0 memories.
all_allocs(tag __anonstruct_Key_5):
  Found 1 allocs.
all_memories(tag __anonstruct_Key_5):
  Found 0 memories.
all_memories(tag __anonstruct_Key_5):
  Found 0 memories.
all_allocs(tag __anonstruct_Key_5):
  Found 1 allocs.
all_allocs(tag __anonstruct_Key_5):
  Found 1 allocs.
all_tags(tag __anonstruct_Key_5):
  Found 1 tags.
all_memories(tag __anonstruct_Key_5):
  Found 0 memories.
all_memories(tag __anonstruct_Key_5):
  Found 0 memories.
all_tags(tag __anonstruct_Key_5):
  Found 1 tags.
all_memories(tag __anonstruct_Key_5):
  Found 0 memories.
all_tags(tag __anonstruct_Key_5):
  Found 1 tags.
all_memories(tag __anonstruct_Key_5):
  Found 0 memories.
all_tags(tag __anonstruct_Key_5):
  Found 1 tags.
all_memories(tag __anonstruct_Key_5):
  Found 0 memories.
all_allocs(tag __anonstruct_Key_5):
  Found 1 allocs.
all_tags(tag __anonstruct_Key_5):
  Found 1 tags.
all_memories(tag __anonstruct_Key_5):
  Found 0 memories.
all_allocs(tag __anonstruct_Key_5):
  Found 1 allocs.
all_memories(tag __anonstruct_Key_5):
  Found 0 memories.
all_memories(tag __anonstruct_Key_5):
  Found 0 memories.
all_allocs(tag __anonstruct_Key_5):
  Found 1 allocs.
all_tags(tag __anonstruct_Key_5):
  Found 1 tags.
all_memories(tag __anonstruct_Key_5):
  Found 0 memories.
all_allocs(tag __anonstruct_Key_5):
  Found 1 allocs.
all_memories(tag __anonstruct_Key_5):
  Found 0 memories.
all_allocs(tag __anonstruct_Key_5):
  Found 1 allocs.
all_memories(tag __anonstruct_Key_5):
  Found 0 memories.
all_memories(tag __anonstruct_Key_5):
  Found 0 memories.
all_tags(tag __anonstruct_Key_5):
  Found 1 tags.
all_memories(tag __anonstruct_Key_5):
  Found 0 memories.
all_allocs(tag __anonstruct_Key_5):
  Found 1 allocs.
all_memories(tag __anonstruct_Key_5):
  Found 0 memories.
all_tags(tag __anonstruct_Key_5):
  Found 1 tags.
all_memories(tag __anonstruct_Key_5):
  Found 0 memories.
all_tags(tag __anonstruct_Key_5):
  Found 1 tags.
all_memories(tag __anonstruct_Key_5):
  Found 0 memories.
all_tags(tag __anonstruct_Key_5):
  Found 1 tags.
all_memories(tag __anonstruct_Key_5):
  Found 0 memories.
all_tags(tag __anonstruct_Key_5):
  Found 1 tags.
all_memories(tag __anonstruct_Key_5):
  Found 0 memories.
all_tags(tag __anonstruct_Key_5):
  Found 1 tags.
all_memories(tag __anonstruct_Key_5):
  Found 0 memories.
all_tags(tag __anonstruct_Key_5):
  Found 1 tags.
all_memories(tag __anonstruct_Key_5):
  Found 0 memories.
all_allocs(tag __anonstruct_Key_5):
  Found 1 allocs.
all_memories(tag __anonstruct_Key_5):
  Found 0 memories.
all_allocs(tag __anonstruct_Key_5):
  Found 1 allocs.
all_memories(tag __anonstruct_Key_5):
  Found 0 memories.
all_allocs(tag __anonstruct_Key_5):
  Found 1 allocs.
all_memories(tag __anonstruct_Key_5):
  Found 0 memories.
all_allocs(tag __anonstruct_Key_5):
  Found 1 allocs.
all_memories(tag __anonstruct_Key_5):
  Found 0 memories.
all_allocs(tag __anonstruct_Key_5):
  Found 1 allocs.
all_allocs(tag __anonstruct_Map_8):
  Found 1 allocs.
all_memories(tag __anonstruct_Map_8):
  Found 0 memories.
all_memories(tag __anonstruct_Map_8):
  Found 0 memories.
all_allocs(tag __anonstruct_Map_8):
  Found 1 allocs.
all_allocs(tag __anonstruct_Map_8):
  Found 1 allocs.
all_memories(tag __anonstruct_Map_8):
  Found 0 memories.
all_allocs(tag __anonstruct_Map_8):
  Found 1 allocs.
all_tags(tag __anonstruct_Map_8):
  Found 1 tags.
all_memories(tag __anonstruct_Map_8):
  Found 0 memories.
all_memories(tag __anonstruct_Map_8):
  Found 0 memories.
all_tags(tag __anonstruct_Map_8):
  Found 1 tags.
all_memories(tag __anonstruct_Map_8):
  Found 0 memories.
all_tags(tag __anonstruct_Map_8):
  Found 1 tags.
all_memories(tag __anonstruct_Map_8):
  Found 0 memories.
all_tags(tag __anonstruct_Map_8):
  Found 1 tags.
all_memories(tag __anonstruct_Map_8):
  Found 0 memories.
all_allocs(tag __anonstruct_Map_8):
  Found 1 allocs.
all_tags(tag __anonstruct_Map_8):
  Found 1 tags.
all_memories(tag __anonstruct_Map_8):
  Found 0 memories.
all_allocs(tag __anonstruct_Map_8):
  Found 1 allocs.
all_memories(tag __anonstruct_Map_8):
  Found 0 memories.
all_memories(tag __anonstruct_Map_8):
  Found 0 memories.
all_allocs(tag __anonstruct_Map_8):
  Found 1 allocs.
all_allocs(tag __anonstruct_Map_8):
  Found 1 allocs.
all_memories(tag __anonstruct_Map_8):
  Found 0 memories.
all_memories(tag __anonstruct_Map_8):
  Found 0 memories.
all_allocs(tag __anonstruct_Map_8):
  Found 1 allocs.
all_allocs(tag __anonstruct_Map_8):
  Found 1 allocs.
all_memories(tag __anonstruct_Map_8):
  Found 0 memories.
all_allocs(tag __anonstruct_Map_8):
  Found 1 allocs.
all_tags(tag __anonstruct_Map_8):
  Found 1 tags.
all_memories(tag __anonstruct_Map_8):
  Found 0 memories.
all_memories(tag __anonstruct_Map_8):
  Found 0 memories.
all_tags(tag __anonstruct_Map_8):
  Found 1 tags.
all_memories(tag __anonstruct_Map_8):
  Found 0 memories.
all_tags(tag __anonstruct_Map_8):
  Found 1 tags.
all_memories(tag __anonstruct_Map_8):
  Found 0 memories.
all_tags(tag __anonstruct_Map_8):
  Found 1 tags.
all_memories(tag __anonstruct_Map_8):
  Found 0 memories.
all_allocs(tag __anonstruct_Map_8):
  Found 1 allocs.
all_tags(tag __anonstruct_Map_8):
  Found 1 tags.
all_memories(tag __anonstruct_Map_8):
  Found 0 memories.
all_allocs(tag __anonstruct_Map_8):
  Found 1 allocs.
all_memories(tag __anonstruct_Map_8):
  Found 0 memories.
all_memories(tag __anonstruct_Map_8):
  Found 0 memories.
all_allocs(tag __anonstruct_Map_8):
  Found 1 allocs.
all_allocs(tag __anonstruct_Map_8):
  Found 1 allocs.
all_tags(tag __anonstruct_Map_8):
  Found 1 tags.
all_memories(tag __anonstruct_Map_8):
  Found 0 memories.
all_memories(tag __anonstruct_Map_8):
  Found 0 memories.
all_tags(tag __anonstruct_Map_8):
  Found 1 tags.
all_memories(tag __anonstruct_Map_8):
  Found 0 memories.
all_tags(tag __anonstruct_Map_8):
  Found 1 tags.
all_memories(tag __anonstruct_Map_8):
  Found 0 memories.
all_tags(tag __anonstruct_Map_8):
  Found 1 tags.
all_memories(tag __anonstruct_Map_8):
  Found 0 memories.
all_allocs(tag __anonstruct_Map_8):
  Found 1 allocs.
all_tags(tag __anonstruct_Map_8):
  Found 1 tags.
all_memories(tag __anonstruct_Map_8):
  Found 0 memories.
all_allocs(tag __anonstruct_Map_8):
  Found 1 allocs.
all_memories(tag __anonstruct_Map_8):
  Found 0 memories.
all_memories(tag __anonstruct_Map_8):
  Found 0 memories.
all_allocs(tag __anonstruct_Map_8):
  Found 1 allocs.
all_tags(tag __anonstruct_Map_8):
  Found 1 tags.
all_memories(tag __anonstruct_Map_8):
  Found 0 memories.
all_allocs(tag __anonstruct_Map_8):
  Found 1 allocs.
all_memories(tag __anonstruct_Map_8):
  Found 0 memories.
all_allocs(tag __anonstruct_Map_8):
  Found 1 allocs.
all_memories(tag __anonstruct_Map_8):
  Found 0 memories.
all_memories(tag __anonstruct_Map_8):
  Found 0 memories.
all_tags(tag __anonstruct_Map_8):
  Found 1 tags.
all_memories(tag __anonstruct_Map_8):
  Found 0 memories.
all_allocs(tag __anonstruct_Map_8):
  Found 1 allocs.
all_memories(tag __anonstruct_Map_8):
  Found 0 memories.
all_tags(tag __anonstruct_Map_8):
  Found 1 tags.
all_memories(tag __anonstruct_Map_8):
  Found 0 memories.
all_tags(tag __anonstruct_Map_8):
  Found 1 tags.
all_memories(tag __anonstruct_Map_8):
  Found 0 memories.
all_tags(tag __anonstruct_Map_8):
  Found 1 tags.
all_memories(tag __anonstruct_Map_8):
  Found 0 memories.
all_tags(tag __anonstruct_Map_8):
  Found 1 tags.
all_memories(tag __anonstruct_Map_8):
  Found 0 memories.
all_tags(tag __anonstruct_Map_8):
  Found 1 tags.
all_memories(tag __anonstruct_Map_8):
  Found 0 memories.
all_tags(tag __anonstruct_Map_8):
  Found 1 tags.
all_memories(tag __anonstruct_Map_8):
  Found 0 memories.
all_allocs(tag __anonstruct_Map_8):
  Found 1 allocs.
all_memories(tag __anonstruct_Map_8):
  Found 0 memories.
all_allocs(tag __anonstruct_Map_8):
  Found 1 allocs.
all_memories(tag __anonstruct_Map_8):
  Found 0 memories.
all_allocs(tag __anonstruct_Map_8):
  Found 1 allocs.
all_memories(tag __anonstruct_Map_8):
  Found 0 memories.
all_allocs(tag __anonstruct_Map_8):
  Found 1 allocs.
all_memories(tag __anonstruct_Map_8):
  Found 0 memories.
all_allocs(tag __anonstruct_Map_8):
  Found 1 allocs.
all_allocs(tag __anonstruct_Value_6):
  Found 1 allocs.
all_memories(tag __anonstruct_Value_6):
  Found 0 memories.
all_memories(tag __anonstruct_Value_6):
  Found 0 memories.
all_allocs(tag __anonstruct_Value_6):
  Found 1 allocs.
all_allocs(tag __anonstruct_Value_6):
  Found 1 allocs.
all_memories(tag __anonstruct_Value_6):
  Found 0 memories.
all_allocs(tag __anonstruct_Value_6):
  Found 1 allocs.
all_tags(tag __anonstruct_Value_6):
  Found 1 tags.
all_memories(tag __anonstruct_Value_6):
  Found 0 memories.
all_memories(tag __anonstruct_Value_6):
  Found 0 memories.
all_tags(tag __anonstruct_Value_6):
  Found 1 tags.
all_memories(tag __anonstruct_Value_6):
  Found 0 memories.
all_tags(tag __anonstruct_Value_6):
  Found 1 tags.
all_memories(tag __anonstruct_Value_6):
  Found 0 memories.
all_tags(tag __anonstruct_Value_6):
  Found 1 tags.
all_memories(tag __anonstruct_Value_6):
  Found 0 memories.
all_allocs(tag __anonstruct_Value_6):
  Found 1 allocs.
all_tags(tag __anonstruct_Value_6):
  Found 1 tags.
all_memories(tag __anonstruct_Value_6):
  Found 0 memories.
all_allocs(tag __anonstruct_Value_6):
  Found 1 allocs.
all_memories(tag __anonstruct_Value_6):
  Found 0 memories.
all_memories(tag __anonstruct_Value_6):
  Found 0 memories.
all_allocs(tag __anonstruct_Value_6):
  Found 1 allocs.
all_allocs(tag __anonstruct_Value_6):
  Found 1 allocs.
all_memories(tag __anonstruct_Value_6):
  Found 0 memories.
all_memories(tag __anonstruct_Value_6):
  Found 0 memories.
all_allocs(tag __anonstruct_Value_6):
  Found 1 allocs.
all_allocs(tag __anonstruct_Value_6):
  Found 1 allocs.
all_memories(tag __anonstruct_Value_6):
  Found 0 memories.
all_allocs(tag __anonstruct_Value_6):
  Found 1 allocs.
all_tags(tag __anonstruct_Value_6):
  Found 1 tags.
all_memories(tag __anonstruct_Value_6):
  Found 0 memories.
all_memories(tag __anonstruct_Value_6):
  Found 0 memories.
all_tags(tag __anonstruct_Value_6):
  Found 1 tags.
all_memories(tag __anonstruct_Value_6):
  Found 0 memories.
all_tags(tag __anonstruct_Value_6):
  Found 1 tags.
all_memories(tag __anonstruct_Value_6):
  Found 0 memories.
all_tags(tag __anonstruct_Value_6):
  Found 1 tags.
all_memories(tag __anonstruct_Value_6):
  Found 0 memories.
all_allocs(tag __anonstruct_Value_6):
  Found 1 allocs.
all_tags(tag __anonstruct_Value_6):
  Found 1 tags.
all_memories(tag __anonstruct_Value_6):
  Found 0 memories.
all_allocs(tag __anonstruct_Value_6):
  Found 1 allocs.
all_memories(tag __anonstruct_Value_6):
  Found 0 memories.
all_memories(tag __anonstruct_Value_6):
  Found 0 memories.
all_allocs(tag __anonstruct_Value_6):
  Found 1 allocs.
all_allocs(tag __anonstruct_Value_6):
  Found 1 allocs.
all_tags(tag __anonstruct_Value_6):
  Found 1 tags.
all_memories(tag __anonstruct_Value_6):
  Found 0 memories.
all_memories(tag __anonstruct_Value_6):
  Found 0 memories.
all_tags(tag __anonstruct_Value_6):
  Found 1 tags.
all_memories(tag __anonstruct_Value_6):
  Found 0 memories.
all_tags(tag __anonstruct_Value_6):
  Found 1 tags.
all_memories(tag __anonstruct_Value_6):
  Found 0 memories.
all_tags(tag __anonstruct_Value_6):
  Found 1 tags.
all_memories(tag __anonstruct_Value_6):
  Found 0 memories.
all_allocs(tag __anonstruct_Value_6):
  Found 1 allocs.
all_tags(tag __anonstruct_Value_6):
  Found 1 tags.
all_memories(tag __anonstruct_Value_6):
  Found 0 memories.
all_allocs(tag __anonstruct_Value_6):
  Found 1 allocs.
all_memories(tag __anonstruct_Value_6):
  Found 0 memories.
all_memories(tag __anonstruct_Value_6):
  Found 0 memories.
all_allocs(tag __anonstruct_Value_6):
  Found 1 allocs.
all_tags(tag __anonstruct_Value_6):
  Found 1 tags.
all_memories(tag __anonstruct_Value_6):
  Found 0 memories.
all_allocs(tag __anonstruct_Value_6):
  Found 1 allocs.
all_memories(tag __anonstruct_Value_6):
  Found 0 memories.
all_allocs(tag __anonstruct_Value_6):
  Found 1 allocs.
all_memories(tag __anonstruct_Value_6):
  Found 0 memories.
all_memories(tag __anonstruct_Value_6):
  Found 0 memories.
all_tags(tag __anonstruct_Value_6):
  Found 1 tags.
all_memories(tag __anonstruct_Value_6):
  Found 0 memories.
all_allocs(tag __anonstruct_Value_6):
  Found 1 allocs.
all_memories(tag __anonstruct_Value_6):
  Found 0 memories.
all_tags(tag __anonstruct_Value_6):
  Found 1 tags.
all_memories(tag __anonstruct_Value_6):
  Found 0 memories.
all_tags(tag __anonstruct_Value_6):
  Found 1 tags.
all_memories(tag __anonstruct_Value_6):
  Found 0 memories.
all_tags(tag __anonstruct_Value_6):
  Found 1 tags.
all_memories(tag __anonstruct_Value_6):
  Found 0 memories.
all_tags(tag __anonstruct_Value_6):
  Found 1 tags.
all_memories(tag __anonstruct_Value_6):
  Found 0 memories.
all_tags(tag __anonstruct_Value_6):
  Found 1 tags.
all_memories(tag __anonstruct_Value_6):
  Found 0 memories.
all_tags(tag __anonstruct_Value_6):
  Found 1 tags.
all_memories(tag __anonstruct_Value_6):
  Found 0 memories.
all_allocs(tag __anonstruct_Value_6):
  Found 1 allocs.
all_memories(tag __anonstruct_Value_6):
  Found 0 memories.
all_allocs(tag __anonstruct_Value_6):
  Found 1 allocs.
all_memories(tag __anonstruct_Value_6):
  Found 0 memories.
all_allocs(tag __anonstruct_Value_6):
  Found 1 allocs.
all_memories(tag __anonstruct_Value_6):
  Found 0 memories.
all_allocs(tag __anonstruct_Value_6):
  Found 1 allocs.
all_memories(tag __anonstruct_Value_6):
  Found 0 memories.
all_allocs(tag __anonstruct_Value_6):
  Found 1 allocs.
all_allocs(tag charP):
  Found 1 allocs.
all_memories(tag charP):
  Found 0 memories.
all_memories(tag charP):
  Found 0 memories.
all_allocs(tag charP):
  Found 1 allocs.
all_allocs(tag charP):
  Found 1 allocs.
all_memories(tag charP):
  Found 0 memories.
all_allocs(tag charP):
  Found 1 allocs.
all_tags(tag charP):
  Found 1 tags.
all_memories(tag charP):
  Found 0 memories.
all_memories(tag charP):
  Found 0 memories.
all_tags(tag charP):
  Found 1 tags.
all_memories(tag charP):
  Found 0 memories.
all_tags(tag charP):
  Found 1 tags.
all_memories(tag charP):
  Found 0 memories.
all_tags(tag charP):
  Found 1 tags.
all_memories(tag charP):
  Found 0 memories.
all_allocs(tag charP):
  Found 1 allocs.
all_tags(tag charP):
  Found 1 tags.
all_memories(tag charP):
  Found 0 memories.
all_allocs(tag charP):
  Found 1 allocs.
all_memories(tag charP):
  Found 0 memories.
all_memories(tag charP):
  Found 0 memories.
all_allocs(tag charP):
  Found 1 allocs.
all_allocs(tag charP):
  Found 1 allocs.
all_memories(tag charP):
  Found 0 memories.
all_memories(tag charP):
  Found 0 memories.
all_allocs(tag charP):
  Found 1 allocs.
all_allocs(tag charP):
  Found 1 allocs.
all_memories(tag charP):
  Found 0 memories.
all_allocs(tag charP):
  Found 1 allocs.
all_tags(tag charP):
  Found 1 tags.
all_memories(tag charP):
  Found 0 memories.
all_memories(tag charP):
  Found 0 memories.
all_tags(tag charP):
  Found 1 tags.
all_memories(tag charP):
  Found 0 memories.
all_tags(tag charP):
  Found 1 tags.
all_memories(tag charP):
  Found 0 memories.
all_tags(tag charP):
  Found 1 tags.
all_memories(tag charP):
  Found 0 memories.
all_allocs(tag charP):
  Found 1 allocs.
all_tags(tag charP):
  Found 1 tags.
all_memories(tag charP):
  Found 0 memories.
all_allocs(tag charP):
  Found 1 allocs.
all_memories(tag charP):
  Found 0 memories.
all_memories(tag charP):
  Found 0 memories.
all_allocs(tag charP):
  Found 1 allocs.
all_allocs(tag charP):
  Found 1 allocs.
all_tags(tag charP):
  Found 1 tags.
all_memories(tag charP):
  Found 0 memories.
all_memories(tag charP):
  Found 0 memories.
all_tags(tag charP):
  Found 1 tags.
all_memories(tag charP):
  Found 0 memories.
all_tags(tag charP):
  Found 1 tags.
all_memories(tag charP):
  Found 0 memories.
all_tags(tag charP):
  Found 1 tags.
all_memories(tag charP):
  Found 0 memories.
all_allocs(tag charP):
  Found 1 allocs.
all_tags(tag charP):
  Found 1 tags.
all_memories(tag charP):
  Found 0 memories.
all_allocs(tag charP):
  Found 1 allocs.
all_memories(tag charP):
  Found 0 memories.
all_memories(tag charP):
  Found 0 memories.
all_allocs(tag charP):
  Found 1 allocs.
all_tags(tag charP):
  Found 1 tags.
all_memories(tag charP):
  Found 0 memories.
all_allocs(tag charP):
  Found 1 allocs.
all_memories(tag charP):
  Found 0 memories.
all_allocs(tag charP):
  Found 1 allocs.
all_memories(tag charP):
  Found 0 memories.
all_memories(tag charP):
  Found 0 memories.
all_tags(tag charP):
  Found 1 tags.
all_memories(tag voidP):
  Found 0 memories.
all_tags(tag voidP):
  Found 1 tags.
all_memories(tag charP):
  Found 0 memories.
all_allocs(tag charP):
  Found 1 allocs.
all_memories(tag voidP):
  Found 0 memories.
all_allocs(tag voidP):
  Found 1 allocs.
all_memories(tag charP):
  Found 0 memories.
all_tags(tag charP):
  Found 1 tags.
all_memories(tag charP):
  Found 0 memories.
all_tags(tag charP):
  Found 1 tags.
all_memories(tag charP):
  Found 0 memories.
all_tags(tag charP):
  Found 1 tags.
all_memories(tag charP):
  Found 0 memories.
all_tags(tag charP):
  Found 1 tags.
all_memories(tag charP):
  Found 0 memories.
all_tags(tag charP):
  Found 1 tags.
all_memories(tag charP):
  Found 0 memories.
all_tags(tag charP):
  Found 1 tags.
all_memories(tag charP):
  Found 0 memories.
all_allocs(tag charP):
  Found 1 allocs.
all_memories(tag voidP):
  Found 0 memories.
all_allocs(tag voidP):
  Found 1 allocs.
all_memories(tag charP):
  Found 0 memories.
all_allocs(tag charP):
  Found 1 allocs.
all_memories(tag voidP):
  Found 0 memories.
all_allocs(tag voidP):
  Found 1 allocs.
all_memories(tag charP):
  Found 0 memories.
all_allocs(tag charP):
  Found 1 allocs.
all_memories(tag voidP):
  Found 0 memories.
all_allocs(tag voidP):
  Found 1 allocs.
all_memories(tag charP):
  Found 0 memories.
all_allocs(tag charP):
  Found 1 allocs.
all_memories(tag voidP):
  Found 0 memories.
all_allocs(tag voidP):
  Found 1 allocs.
all_memories(tag charP):
  Found 0 memories.
all_allocs(tag charP):
  Found 1 allocs.
all_memories(tag voidP):
  Found 0 memories.
all_allocs(tag voidP):
  Found 1 allocs.
all_allocs(tag voidP):
  Found 1 allocs.
all_memories(tag voidP):
  Found 0 memories.
all_memories(tag voidP):
  Found 0 memories.
all_allocs(tag voidP):
  Found 1 allocs.
all_allocs(tag voidP):
  Found 1 allocs.
all_memories(tag voidP):
  Found 0 memories.
all_allocs(tag voidP):
  Found 1 allocs.
all_tags(tag voidP):
  Found 1 tags.
all_memories(tag voidP):
  Found 0 memories.
all_memories(tag voidP):
  Found 0 memories.
all_tags(tag voidP):
  Found 1 tags.
all_memories(tag voidP):
  Found 0 memories.
all_tags(tag voidP):
  Found 1 tags.
all_memories(tag voidP):
  Found 0 memories.
all_tags(tag voidP):
  Found 1 tags.
all_memories(tag voidP):
  Found 0 memories.
all_allocs(tag voidP):
  Found 1 allocs.
all_tags(tag voidP):
  Found 1 tags.
all_memories(tag voidP):
  Found 0 memories.
all_allocs(tag voidP):
  Found 1 allocs.
all_memories(tag voidP):
  Found 0 memories.
all_memories(tag voidP):
  Found 0 memories.
all_allocs(tag voidP):
  Found 1 allocs.
all_allocs(tag voidP):
  Found 1 allocs.
all_memories(tag voidP):
  Found 0 memories.
all_memories(tag voidP):
  Found 0 memories.
all_allocs(tag voidP):
  Found 1 allocs.
all_allocs(tag voidP):
  Found 1 allocs.
all_memories(tag voidP):
  Found 0 memories.
all_allocs(tag voidP):
  Found 1 allocs.
all_tags(tag voidP):
  Found 1 tags.
all_memories(tag voidP):
  Found 0 memories.
all_memories(tag voidP):
  Found 0 memories.
all_tags(tag voidP):
  Found 1 tags.
all_memories(tag voidP):
  Found 0 memories.
all_tags(tag voidP):
  Found 1 tags.
all_memories(tag voidP):
  Found 0 memories.
all_tags(tag voidP):
  Found 1 tags.
all_memories(tag voidP):
  Found 0 memories.
all_allocs(tag voidP):
  Found 1 allocs.
all_tags(tag voidP):
  Found 1 tags.
all_memories(tag voidP):
  Found 0 memories.
all_allocs(tag voidP):
  Found 1 allocs.
all_memories(tag voidP):
  Found 0 memories.
all_memories(tag voidP):
  Found 0 memories.
all_allocs(tag voidP):
  Found 1 allocs.
all_allocs(tag voidP):
  Found 1 allocs.
all_tags(tag voidP):
  Found 1 tags.
all_memories(tag voidP):
  Found 0 memories.
all_memories(tag voidP):
  Found 0 memories.
all_tags(tag voidP):
  Found 1 tags.
all_memories(tag voidP):
  Found 0 memories.
all_tags(tag voidP):
  Found 1 tags.
all_memories(tag voidP):
  Found 0 memories.
all_tags(tag voidP):
  Found 1 tags.
all_memories(tag voidP):
  Found 0 memories.
all_allocs(tag voidP):
  Found 1 allocs.
all_tags(tag voidP):
  Found 1 tags.
all_memories(tag voidP):
  Found 0 memories.
all_allocs(tag voidP):
  Found 1 allocs.
all_memories(tag voidP):
  Found 0 memories.
all_memories(tag voidP):
  Found 0 memories.
all_allocs(tag voidP):
  Found 1 allocs.
all_tags(tag voidP):
  Found 1 tags.
all_memories(tag voidP):
  Found 0 memories.
all_allocs(tag voidP):
  Found 1 allocs.
all_memories(tag voidP):
  Found 0 memories.
all_allocs(tag voidP):
  Found 1 allocs.
all_memories(tag voidP):
  Found 0 memories.
all_memories(tag voidP):
  Found 0 memories.
all_tags(tag voidP):
  Found 1 tags.
all_memories(tag voidP):
  Found 0 memories.
all_allocs(tag voidP):
  Found 1 allocs.
all_memories(tag voidP):
  Found 0 memories.
all_tags(tag voidP):
  Found 1 tags.
all_memories(tag voidP):
  Found 0 memories.
all_tags(tag voidP):
  Found 1 tags.
all_memories(tag voidP):
  Found 0 memories.
all_tags(tag voidP):
  Found 1 tags.
all_memories(tag voidP):
  Found 0 memories.
all_tags(tag voidP):
  Found 1 tags.
all_memories(tag voidP):
  Found 0 memories.
all_tags(tag voidP):
  Found 1 tags.
all_memories(tag voidP):
  Found 0 memories.
all_tags(tag voidP):
  Found 1 tags.
all_memories(tag voidP):
  Found 0 memories.
all_allocs(tag voidP):
  Found 1 allocs.
all_memories(tag voidP):
  Found 0 memories.
all_allocs(tag voidP):
  Found 1 allocs.
all_memories(tag voidP):
  Found 0 memories.
all_allocs(tag voidP):
  Found 1 allocs.
all_memories(tag voidP):
  Found 0 memories.
all_allocs(tag voidP):
  Found 1 allocs.
all_memories(tag voidP):
  Found 0 memories.
all_allocs(tag voidP):
  Found 1 allocs.
Translate variants
Translate global regions
Translate exceptions
Translate enumerated types
Translate dummies
Translate standalone logic functions
Logic function key_valid
Logic function value_valid
Logic function item_valid
Logic function items_valid
Logic function map_valid
Logic function full
Logic function range_existent
Logic function item_saved
Logic function items_saved
Logic function count
Logic function count_saved_p
Logic function all_count
Translate axiomatic declarations
Axiomatic ItemsCount
Axiomatic Padding
Translate lemmas
Translate functions
Pre-treatement Function initializeMap
Pre-treatement Function hash
Pre-treatement Function getCalculatedIndex
Pre-treatement Function removeElement
Pre-treatement Function getElement
Function initializeMap
all_memories(tag __anonstruct_Item_7):
  Found 1 memories.
all_allocs(tag __anonstruct_Item_7):
  Found 2 allocs.
all_tags(tag __anonstruct_Item_7):
  Found 2 tags.
all_allocs(tag __anonstruct_Item_7):
  Found 2 allocs.
all_tags(tag __anonstruct_Item_7):
  Found 2 tags.
all_memories(tag __anonstruct_Item_7):
  Found 1 memories.
all_memories(tag __anonstruct_Item_7):
  Found 1 memories.
all_allocs(tag __anonstruct_Item_7):
  Found 2 allocs.
all_tags(tag __anonstruct_Item_7):
  Found 2 tags.
all_allocs(tag __anonstruct_Item_7):
  Found 2 allocs.
all_tags(tag __anonstruct_Item_7):
  Found 2 tags.
all_memories(tag __anonstruct_Item_7):
  Found 1 memories.
Function hash
Function getCalculatedIndex
Function removeElement
Function getElement
Produce makefile
